<?xml version="1.0" encoding="UTF-8"?>
<!-- Generated by org.testng.reporters.JUnitReportReporter -->
<testsuite hostname="CIOACCE-SC5LBLA" name="com.sel.tests.MyTest" tests="1" failures="0" timestamp="24 Jun 2017 20:59:53 GMT" time="8.196" errors="0">
  <testcase name="testPageObject" time="8.196" classname="com.sel.tests.MyTest"/>
</testsuite> <!-- com.sel.tests.MyTest -->
